#
# A fatal error has been detected by the Java Runtime Environment:
#
#  EXCEPTION_ACCESS_VIOLATION (0xc0000005) at pc=0x000000006408fe63, pid=8352, tid=9928
#
# JRE version: Java(TM) SE Runtime Environment (7.0_79-b15) (build 1.7.0_79-b15)
# Java VM: Java HotSpot(TM) 64-Bit Server VM (24.79-b02 mixed mode windows-amd64 compressed oops)
# Problematic frame:
# V  [jvm.dll+0xefe63]
#
# Failed to write core dump. Minidumps are not enabled by default on client versions of Windows
#
# If you would like to submit a bug report, please visit:
#   http://bugreport.java.com/bugreport/crash.jsp
#

---------------  T H R E A D  ---------------

Current thread (0x0000000002859800):  GCTaskThread [stack: 0x0000000006070000,0x0000000006170000] [id=9928]

siginfo: ExceptionCode=0xc0000005, reading address 0x0000000100000000

Registers:
RAX=0x00000000ffffff01, RBX=0x00000000c85f01ec, RCX=0x0000000000000000, RDX=0x00000000c85f01ec
RSP=0x000000000616f560, RBP=0x0000000005ac2f81, RSI=0x0000000008e2edc0, RDI=0x00000000c8625b9c
R8 =0x0000000008e2edc0, R9 =0x00000000ffffffff, R10=0x0000000005c90000, R11=0x0000000005690000
R12=0x0000000005ac2f01, R13=0x0000000008e2edc0, R14=0x000000000284e1a0, R15=0x000000000000000c
RIP=0x000000006408fe63, EFLAGS=0x0000000000010206

Top of Stack: (sp=0x000000000616f560)
0x000000000616f560:   00000000c85ebf7d 00000000c85ebf7d
0x000000000616f570:   0000000008e2edc0 0000000005ab6301
0x000000000616f580:   000000000284e1a0 00000000640b71af
0x000000000616f590:   0000000005ab8501 00000000c70b0030
0x000000000616f5a0:   0000000008e2edc0 0000000005ac2f01
0x000000000616f5b0:   00000000c85e5b88 0000000064333d3e
0x000000000616f5c0:   0000000005ac2f81 00000000c85f0000
0x000000000616f5d0:   00000000c85f0000 00000000f61f8fdd
0x000000000616f5e0:   0000000005ac2e00 0000000005afc79c
0x000000000616f5f0:   0000000000000200 0000000000000100
0x000000000616f600:   000000000283d010 0000000002854f20
0x000000000616f610:   00000000645699b8 000000000285af00
0x000000000616f620:   0000000000000000 0000000008d655c0
0x000000000616f630:   000000000285a150 000000000285a140
0x000000000616f640:   0000000008e2edc0 0000000064347c82
0x000000000616f650:   0000000005ac2f00 000000000284e2f0 

Instructions: (pc=0x000000006408fe63)
0x000000006408fe43:   28 4c 8b c1 48 85 d2 0f 84 83 00 00 00 44 8b 0a
0x000000006408fe53:   8b 0d 5f 7a 60 00 49 d3 e1 4c 03 0d 4d 7a 60 00
0x000000006408fe63:   49 8b 01 24 03 3c 03 75 5a 4d 8b 09 80 3d f8 c2
0x000000006408fe73:   60 00 00 74 0f 41 0f b6 c1 24 07 3c 05 75 05 45 


Register to memory mapping:

RAX=0x00000000ffffff01 is an unknown value
RBX=0x00000000c85f01ec is pointing into object: 0x00000000c85f01e0
java.beans.GenericBeanInfo 
 - klass: 'java/beans/GenericBeanInfo'
RCX=0x0000000000000000 is an unknown value
RDX=0x00000000c85f01ec is pointing into object: 0x00000000c85f01e0
java.beans.GenericBeanInfo 
 - klass: 'java/beans/GenericBeanInfo'
RSP=0x000000000616f560 is an unknown value
RBP=0x0000000005ac2f81 is an unknown value
RSI=0x0000000008e2edc0 is an unknown value
RDI=0x00000000c8625b9c is pointing into object: 0x00000000c8625a90
[C 
 - klass: {type array char}
 - length: 135
R8 =0x0000000008e2edc0 is an unknown value
R9 =0x00000000ffffffff is an unknown value
R10=0x0000000005c90000 is an unknown value
R11=0x0000000005690000 is an unknown value
R12=0x0000000005ac2f01 is an unknown value
R13=0x0000000008e2edc0 is an unknown value
R14=0x000000000284e1a0 is an unknown value
R15=0x000000000000000c is an unknown value


Stack: [0x0000000006070000,0x0000000006170000],  sp=0x000000000616f560,  free space=1021k
Native frames: (J=compiled Java code, j=interpreted, Vv=VM code, C=native code)
V  [jvm.dll+0xefe63]


---------------  P R O C E S S  ---------------

Java Threads: ( => current thread )
  0x000000000c1ab800 JavaThread "Stdin handler" [_thread_blocked, id=9144, stack(0x000000000c960000,0x000000000ca60000)]
  0x000000000c1ab000 JavaThread "Daemon worker Thread 7" [_thread_blocked, id=7152, stack(0x000000000c860000,0x000000000c960000)]
  0x000000000c1a7800 JavaThread "Cancel handler" [_thread_blocked, id=8780, stack(0x000000000c760000,0x000000000c860000)]
  0x000000000c1a7000 JavaThread "Handler for socket connection from /127.0.0.1:58473 to /127.0.0.1:53584" [_thread_in_native, id=1976, stack(0x000000000c660000,0x000000000c760000)]
  0x000000000c1a9000 JavaThread "Daemon Thread 7" [_thread_blocked, id=9360, stack(0x000000000c560000,0x000000000c660000)]
  0x000000000b5b9000 JavaThread "File lock request listener" [_thread_in_native, id=6064, stack(0x000000000ca60000,0x000000000cb60000)]
  0x000000000b220800 JavaThread "Incoming local TCP Connector on port 58473" [_thread_in_native, id=7608, stack(0x000000000c450000,0x000000000c550000)]
  0x0000000008e97000 JavaThread "Service Thread" daemon [_thread_blocked, id=3176, stack(0x000000000a5f0000,0x000000000a6f0000)]
  0x0000000008e75800 JavaThread "C2 CompilerThread1" daemon [_thread_blocked, id=6508, stack(0x000000000a4f0000,0x000000000a5f0000)]
  0x0000000008e73800 JavaThread "C2 CompilerThread0" daemon [_thread_blocked, id=7888, stack(0x000000000a3f0000,0x000000000a4f0000)]
  0x0000000008e72800 JavaThread "Attach Listener" daemon [_thread_blocked, id=4744, stack(0x000000000a2f0000,0x000000000a3f0000)]
  0x0000000008e6f800 JavaThread "Signal Dispatcher" daemon [_thread_blocked, id=2408, stack(0x000000000a1f0000,0x000000000a2f0000)]
  0x0000000008e3f800 JavaThread "Finalizer" daemon [_thread_blocked, id=7724, stack(0x000000000a0f0000,0x000000000a1f0000)]
  0x0000000008e36000 JavaThread "Reference Handler" daemon [_thread_blocked, id=4476, stack(0x0000000009ff0000,0x000000000a0f0000)]
  0x0000000002840800 JavaThread "main" [_thread_blocked, id=7904, stack(0x00000000026a0000,0x00000000027a0000)]

Other Threads:
  0x0000000008e30000 VMThread [stack: 0x0000000009ef0000,0x0000000009ff0000] [id=8528]
  0x0000000008ea5000 WatcherThread [stack: 0x000000000a6f0000,0x000000000a7f0000] [id=7744]

=>0x0000000002859800 (exited) GCTaskThread [stack: 0x0000000006070000,0x0000000006170000] [id=9928]

VM state:at safepoint (normal execution)

VM Mutex/Monitor currently owned by a thread:  ([mutex/lock_event])
[0x000000000283be80] Threads_lock - owner thread: 0x0000000008e30000
[0x000000000283c500] Heap_lock - owner thread: 0x000000000c1ab000

Heap
 PSYoungGen      total 259072K, used 178688K [0x00000000eaa80000, 0x0000000100000000, 0x0000000100000000)
  eden space 178688K, 100% used [0x00000000eaa80000,0x00000000f5900000,0x00000000f5900000)
  from space 80384K, 0% used [0x00000000fb180000,0x00000000fb180000,0x0000000100000000)
  to   space 85504K, 13% used [0x00000000f5900000,0x00000000f63ebc48,0x00000000fac80000)
 ParOldGen       total 517632K, used 254925K [0x00000000c0000000, 0x00000000df980000, 0x00000000eaa80000)
  object space 517632K, 49% used [0x00000000c0000000,0x00000000cf8f37d8,0x00000000df980000)
 PSPermGen       total 262144K, used 221854K [0x00000000b0000000, 0x00000000c0000000, 0x00000000c0000000)
  object space 262144K, 84% used [0x00000000b0000000,0x00000000bd8a7968,0x00000000c0000000)

Card table byte_map: [0x0000000005a00000,0x0000000005c90000] byte_map_base: 0x0000000005480000

Polling page: 0x00000000027a0000

Code Cache  [0x0000000002940000, 0x0000000003300000, 0x0000000005940000)
 total_blobs=3163 nmethods=2496 adapters=617 free_code_cache=39296Kb largest_free_block=40122112

Compilation events (10 events):
Event: 3042.460 Thread 0x0000000008e73800 nmethod 2755 0x00000000032effd0 code [0x00000000032f02a0, 0x00000000032f12e8]
Event: 3042.506 Thread 0x0000000008e75800 nmethod 2754 0x00000000032f28d0 code [0x00000000032f2dc0, 0x00000000032f57a8]
Event: 3109.994 Thread 0x0000000008e73800 2757             org.gradle.util.Path::toString (5 bytes)
Event: 3109.995 Thread 0x0000000008e73800 nmethod 2757 0x0000000002fed790 code [0x0000000002fed8e0, 0x0000000002fed948]
Event: 3110.082 Thread 0x0000000008e75800 2758             com.sun.xml.internal.stream.util.ThreadLocalBufferAllocator::getBufferAllocator (51 bytes)
Event: 3110.091 Thread 0x0000000008e75800 nmethod 2758 0x0000000002ff0010 code [0x0000000002ff01c0, 0x0000000002ff0628]
Event: 3110.103 Thread 0x0000000008e73800 2759             com.sun.org.apache.xerces.internal.impl.XMLDTDScannerImpl::getPropertyDefault (36 bytes)
Event: 3110.105 Thread 0x0000000008e73800 nmethod 2759 0x0000000002fefb10 code [0x0000000002fefc60, 0x0000000002feff58]
Event: 3110.446 Thread 0x0000000008e75800 2760             groovy.lang.MetaClassImpl::applyPropertyDescriptors (151 bytes)
Event: 3110.468 Thread 0x0000000008e75800 nmethod 2760 0x00000000032f8f50 code [0x00000000032f9260, 0x00000000032fa970]

GC Heap History (10 events):
Event: 2750.862 GC heap after
Heap after GC invocations=44 (full 8):
 PSYoungGen      total 262144K, used 48410K [0x00000000eaa80000, 0x00000000ff400000, 0x0000000100000000)
  eden space 188928K, 0% used [0x00000000eaa80000,0x00000000eaa80000,0x00000000f6300000)
  from space 73216K, 66% used [0x00000000fab80000,0x00000000fdac6900,0x00000000ff300000)
  to   space 74240K, 0% used [0x00000000f6300000,0x00000000f6300000,0x00000000fab80000)
 ParOldGen       total 254976K, used 177296K [0x00000000c0000000, 0x00000000cf900000, 0x00000000eaa80000)
  object space 254976K, 69% used [0x00000000c0000000,0x00000000cad242b0,0x00000000cf900000)
 PSPermGen       total 233472K, used 195967K [0x00000000b0000000, 0x00000000be400000, 0x00000000c0000000)
  object space 233472K, 83% used [0x00000000b0000000,0x00000000bbf5fcc0,0x00000000be400000)
}
Event: 2998.200 GC heap before
{Heap before GC invocations=45 (full 8):
 PSYoungGen      total 262144K, used 237338K [0x00000000eaa80000, 0x00000000ff400000, 0x0000000100000000)
  eden space 188928K, 100% used [0x00000000eaa80000,0x00000000f6300000,0x00000000f6300000)
  from space 73216K, 66% used [0x00000000fab80000,0x00000000fdac6900,0x00000000ff300000)
  to   space 74240K, 0% used [0x00000000f6300000,0x00000000f6300000,0x00000000fab80000)
 ParOldGen       total 254976K, used 177296K [0x00000000c0000000, 0x00000000cf900000, 0x00000000eaa80000)
  object space 254976K, 69% used [0x00000000c0000000,0x00000000cad242b0,0x00000000cf900000)
 PSPermGen       total 233472K, used 204403K [0x00000000b0000000, 0x00000000be400000, 0x00000000c0000000)
  object space 233472K, 87% used [0x00000000b0000000,0x00000000bc79ce78,0x00000000be400000)
Event: 2998.263 GC heap after
Heap after GC invocations=45 (full 8):
 PSYoungGen      total 263168K, used 64244K [0x00000000eaa80000, 0x0000000100000000, 0x0000000100000000)
  eden space 188928K, 0% used [0x00000000eaa80000,0x00000000eaa80000,0x00000000f6300000)
  from space 74240K, 86% used [0x00000000f6300000,0x00000000fa1bd338,0x00000000fab80000)
  to   space 80384K, 0% used [0x00000000fb180000,0x00000000fb180000,0x0000000100000000)
 ParOldGen       total 254976K, used 177296K [0x00000000c0000000, 0x00000000cf900000, 0x00000000eaa80000)
  object space 254976K, 69% used [0x00000000c0000000,0x00000000cad242b0,0x00000000cf900000)
 PSPermGen       total 233472K, used 204403K [0x00000000b0000000, 0x00000000be400000, 0x00000000c0000000)
  object space 233472K, 87% used [0x00000000b0000000,0x00000000bc79ce78,0x00000000be400000)
}
Event: 2999.159 GC heap before
{Heap before GC invocations=46 (full 8):
 PSYoungGen      total 263168K, used 164113K [0x00000000eaa80000, 0x0000000100000000, 0x0000000100000000)
  eden space 188928K, 52% used [0x00000000eaa80000,0x00000000f0c074a8,0x00000000f6300000)
  from space 74240K, 86% used [0x00000000f6300000,0x00000000fa1bd338,0x00000000fab80000)
  to   space 80384K, 0% used [0x00000000fb180000,0x00000000fb180000,0x0000000100000000)
 ParOldGen       total 254976K, used 177296K [0x00000000c0000000, 0x00000000cf900000, 0x00000000eaa80000)
  object space 254976K, 69% used [0x00000000c0000000,0x00000000cad242b0,0x00000000cf900000)
 PSPermGen       total 233472K, used 205953K [0x00000000b0000000, 0x00000000be400000, 0x00000000c0000000)
  object space 233472K, 88% used [0x00000000b0000000,0x00000000bc9206d8,0x00000000be400000)
Event: 2999.222 GC heap after
Heap after GC invocations=46 (full 8):
 PSYoungGen      total 259072K, used 65064K [0x00000000eaa80000, 0x0000000100000000, 0x0000000100000000)
  eden space 178688K, 0% used [0x00000000eaa80000,0x00000000eaa80000,0x00000000f5900000)
  from space 80384K, 80% used [0x00000000fb180000,0x00000000ff10a1d8,0x0000000100000000)
  to   space 85504K, 0% used [0x00000000f5900000,0x00000000f5900000,0x00000000fac80000)
 ParOldGen       total 254976K, used 177296K [0x00000000c0000000, 0x00000000cf900000, 0x00000000eaa80000)
  object space 254976K, 69% used [0x00000000c0000000,0x00000000cad242b0,0x00000000cf900000)
 PSPermGen       total 233472K, used 205953K [0x00000000b0000000, 0x00000000be400000, 0x00000000c0000000)
  object space 233472K, 88% used [0x00000000b0000000,0x00000000bc9206d8,0x00000000be400000)
}
Event: 2999.222 GC heap before
{Heap before GC invocations=47 (full 9):
 PSYoungGen      total 259072K, used 65064K [0x00000000eaa80000, 0x0000000100000000, 0x0000000100000000)
  eden space 178688K, 0% used [0x00000000eaa80000,0x00000000eaa80000,0x00000000f5900000)
  from space 80384K, 80% used [0x00000000fb180000,0x00000000ff10a1d8,0x0000000100000000)
  to   space 85504K, 0% used [0x00000000f5900000,0x00000000f5900000,0x00000000fac80000)
 ParOldGen       total 254976K, used 177296K [0x00000000c0000000, 0x00000000cf900000, 0x00000000eaa80000)
  object space 254976K, 69% used [0x00000000c0000000,0x00000000cad242b0,0x00000000cf900000)
 PSPermGen       total 233472K, used 205953K [0x00000000b0000000, 0x00000000be400000, 0x00000000c0000000)
  object space 233472K, 88% used [0x00000000b0000000,0x00000000bc9206d8,0x00000000be400000)
Event: 3000.358 GC heap after
Heap after GC invocations=47 (full 9):
 PSYoungGen      total 259072K, used 0K [0x00000000eaa80000, 0x0000000100000000, 0x0000000100000000)
  eden space 178688K, 0% used [0x00000000eaa80000,0x00000000eaa80000,0x00000000f5900000)
  from space 80384K, 0% used [0x00000000fb180000,0x00000000fb180000,0x0000000100000000)
  to   space 85504K, 0% used [0x00000000f5900000,0x00000000f5900000,0x00000000fac80000)
 ParOldGen       total 254976K, used 241032K [0x00000000c0000000, 0x00000000cf900000, 0x00000000eaa80000)
  object space 254976K, 94% used [0x00000000c0000000,0x00000000ceb62250,0x00000000cf900000)
 PSPermGen       total 262144K, used 205931K [0x00000000b0000000, 0x00000000c0000000, 0x00000000c0000000)
  object space 262144K, 78% used [0x00000000b0000000,0x00000000bc91ac18,0x00000000c0000000)
}
Event: 3042.676 GC heap before
{Heap before GC invocations=48 (full 10):
 PSYoungGen      total 259072K, used 178688K [0x00000000eaa80000, 0x0000000100000000, 0x0000000100000000)
  eden space 178688K, 100% used [0x00000000eaa80000,0x00000000f5900000,0x00000000f5900000)
  from space 80384K, 0% used [0x00000000fb180000,0x00000000fb180000,0x0000000100000000)
  to   space 85504K, 0% used [0x00000000f5900000,0x00000000f5900000,0x00000000fac80000)
 ParOldGen       total 254976K, used 241032K [0x00000000c0000000, 0x00000000cf900000, 0x00000000eaa80000)
  object space 254976K, 94% used [0x00000000c0000000,0x00000000ceb62250,0x00000000cf900000)
 PSPermGen       total 262144K, used 214260K [0x00000000b0000000, 0x00000000c0000000, 0x00000000c0000000)
  object space 262144K, 81% used [0x00000000b0000000,0x00000000bd13d180,0x00000000c0000000)
Event: 3043.779 GC heap after
Heap after GC invocations=48 (full 10):
 PSYoungGen      total 259072K, used 10158K [0x00000000eaa80000, 0x0000000100000000, 0x0000000100000000)
  eden space 178688K, 5% used [0x00000000eaa80000,0x00000000eb46ba30,0x00000000f5900000)
  from space 80384K, 0% used [0x00000000fb180000,0x00000000fb180000,0x0000000100000000)
  to   space 85504K, 0% used [0x00000000f5900000,0x00000000f5900000,0x00000000fac80000)
 ParOldGen       total 517632K, used 254925K [0x00000000c0000000, 0x00000000df980000, 0x00000000eaa80000)
  object space 517632K, 49% used [0x00000000c0000000,0x00000000cf8f37d8,0x00000000df980000)
 PSPermGen       total 262144K, used 214254K [0x00000000b0000000, 0x00000000c0000000, 0x00000000c0000000)
  object space 262144K, 81% used [0x00000000b0000000,0x00000000bd13bb38,0x00000000c0000000)
}
Event: 3111.048 GC heap before
{Heap before GC invocations=49 (full 10):
 PSYoungGen      total 259072K, used 178688K [0x00000000eaa80000, 0x0000000100000000, 0x0000000100000000)
  eden space 178688K, 100% used [0x00000000eaa80000,0x00000000f5900000,0x00000000f5900000)
  from space 80384K, 0% used [0x00000000fb180000,0x00000000fb180000,0x0000000100000000)
  to   space 85504K, 0% used [0x00000000f5900000,0x00000000f5900000,0x00000000fac80000)
 ParOldGen       total 517632K, used 254925K [0x00000000c0000000, 0x00000000df980000, 0x00000000eaa80000)
  object space 517632K, 49% used [0x00000000c0000000,0x00000000cf8f37d8,0x00000000df980000)
 PSPermGen       total 262144K, used 221854K [0x00000000b0000000, 0x00000000c0000000, 0x00000000c0000000)
  object space 262144K, 84% used [0x00000000b0000000,0x00000000bd8a7968,0x00000000c0000000)

Deoptimization events (10 events):
Event: 2705.311 Thread 0x000000000c1a8800 Uncommon trap: reason=predicate action=maybe_recompile pc=0x0000000002f6636c method=java.util.TimSort.gallopRight(Ljava/lang/Object;[Ljava/lang/Object;IIILjava/util/Comparator;)I @ 266
Event: 2705.311 Thread 0x000000000c1a8800 Uncommon trap: reason=class_check action=maybe_recompile pc=0x0000000002e1cbd4 method=java.util.TimSort.mergeLo(IIII)V @ 77
Event: 2729.603 Thread 0x000000000c1a7000 Uncommon trap: reason=bimorphic action=maybe_recompile pc=0x0000000002b7a778 method=org.codehaus.groovy.runtime.metaclass.MetaMethodIndex.addMethodToList(Ljava/lang/Object;Lgroovy/lang/MetaMethod;)Ljava/lang/Object; @ 91
Event: 2729.603 Thread 0x000000000c1a7000 Uncommon trap: reason=unreached action=reinterpret pc=0x0000000002b7a6ac method=org.codehaus.groovy.runtime.metaclass.MetaMethodIndex.isNonRealMethod(Lgroovy/lang/MetaMethod;)Z @ 4
Event: 2729.604 Thread 0x000000000c1a7000 Uncommon trap: reason=unreached action=reinterpret pc=0x0000000002d17b88 method=java.beans.Introspector.processPropertyDescriptors()V @ 524
Event: 2729.604 Thread 0x000000000c1a7000 Uncommon trap: reason=unreached action=reinterpret pc=0x0000000002fed140 method=groovy.lang.MetaClassImpl.applyPropertyDescriptors([Ljava/beans/PropertyDescriptor;)V @ 94
Event: 2733.930 Thread 0x000000000c1a7000 Uncommon trap: reason=class_check action=maybe_recompile pc=0x000000000324925c method=org.codehaus.groovy.runtime.MetaClassHelper.getClassWithNullAndWrapper(Ljava/lang/Object;)Ljava/lang/Class; @ 7
Event: 2733.930 Thread 0x000000000c1a7000 Uncommon trap: reason=class_check action=maybe_recompile pc=0x000000000324925c method=org.codehaus.groovy.runtime.MetaClassHelper.getClassWithNullAndWrapper(Ljava/lang/Object;)Ljava/lang/Class; @ 7
Event: 2733.931 Thread 0x000000000c1a7000 Uncommon trap: reason=class_check action=maybe_recompile pc=0x000000000324925c method=org.codehaus.groovy.runtime.MetaClassHelper.getClassWithNullAndWrapper(Ljava/lang/Object;)Ljava/lang/Class; @ 7
Event: 2733.931 Thread 0x000000000c1a7000 Uncommon trap: reason=class_check action=maybe_recompile pc=0x000000000324925c method=org.codehaus.groovy.runtime.MetaClassHelper.getClassWithNullAndWrapper(Ljava/lang/Object;)Ljava/lang/Class; @ 7

Internal exceptions (10 events):
Event: 3111.048 Thread 0x000000000c1ab000 Threw 0x00000000f58dd418 at C:\re\jdk7u79\2331\hotspot\src\share\vm\prims\jvm.cpp:1304
Event: 3111.048 Thread 0x000000000c1ab000 Threw 0x00000000f58de778 at C:\re\jdk7u79\2331\hotspot\src\share\vm\prims\jvm.cpp:1304
Event: 3111.048 Thread 0x000000000c1ab000 Threw 0x00000000f58df988 at C:\re\jdk7u79\2331\hotspot\src\share\vm\prims\jvm.cpp:1304
Event: 3111.048 Thread 0x000000000c1ab000 Threw 0x00000000f58e49f0 at C:\re\jdk7u79\2331\hotspot\src\share\vm\prims\jvm.cpp:1304
Event: 3111.048 Thread 0x000000000c1ab000 Threw 0x00000000f58e5198 at C:\re\jdk7u79\2331\hotspot\src\share\vm\classfile\systemDictionary.cpp:185
Event: 3111.048 Thread 0x000000000c1ab000 Threw 0x00000000f58e9dd8 at C:\re\jdk7u79\2331\hotspot\src\share\vm\prims\jvm.cpp:1304
Event: 3111.048 Thread 0x000000000c1ab000 Threw 0x00000000f58eb158 at C:\re\jdk7u79\2331\hotspot\src\share\vm\prims\jvm.cpp:1304
Event: 3111.048 Thread 0x000000000c1ab000 Threw 0x00000000f58ec3a0 at C:\re\jdk7u79\2331\hotspot\src\share\vm\prims\jvm.cpp:1304
Event: 3111.048 Thread 0x000000000c1ab000 Threw 0x00000000f58f18a8 at C:\re\jdk7u79\2331\hotspot\src\share\vm\prims\jvm.cpp:1304
Event: 3111.048 Thread 0x000000000c1ab000 Threw 0x00000000f58f2050 at C:\re\jdk7u79\2331\hotspot\src\share\vm\classfile\systemDictionary.cpp:185

Events (10 events):
Event: 3111.048 loading class 0x000000000d402380 done
Event: 3111.048 loading class 0x000000000d3c3ad0
Event: 3111.048 loading class 0x000000000d3c3ad0 done
Event: 3111.048 loading class 0x000000000d3c3ad0
Event: 3111.048 loading class 0x000000000d3c3ad0 done
Event: 3111.048 loading class 0x000000000d3c3690
Event: 3111.048 loading class 0x000000000d3c3690 done
Event: 3111.048 loading class 0x000000000d3c3690
Event: 3111.048 loading class 0x000000000d3c3690 done
Event: 3111.048 Executing VM operation: ParallelGCFailedAllocation


Dynamic libraries:
0x00007ff7ff940000 - 0x00007ff7ff973000 	C:\Program Files\Java\jdk1.7.0_79\bin\java.exe
0x00007ffcc3c20000 - 0x00007ffcc3dcc000 	C:\Windows\SYSTEM32\ntdll.dll
0x00007ffcc1c30000 - 0x00007ffcc1d6e000 	C:\Windows\system32\KERNEL32.DLL
0x00007ffcc1020000 - 0x00007ffcc1135000 	C:\Windows\system32\KERNELBASE.dll
0x00007ffcbf8f0000 - 0x00007ffcbf97e000 	C:\Windows\system32\apphelp.dll
0x00007ffcacda0000 - 0x00007ffcacdf3000 	C:\Windows\AppPatch\AppPatch64\AcGenral.DLL
0x00007ffcc15a0000 - 0x00007ffcc164a000 	C:\Windows\system32\msvcrt.dll
0x00007ffcc0c10000 - 0x00007ffcc0c3e000 	C:\Windows\SYSTEM32\SspiCli.dll
0x00007ffcc24f0000 - 0x00007ffcc2544000 	C:\Windows\system32\SHLWAPI.dll
0x00007ffcc17b0000 - 0x00007ffcc1927000 	C:\Windows\system32\USER32.dll
0x00007ffcc20a0000 - 0x00007ffcc2234000 	C:\Windows\system32\ole32.dll
0x00007ffcc2550000 - 0x00007ffcc3a68000 	C:\Windows\system32\SHELL32.dll
0x00007ffcc0680000 - 0x00007ffcc06a1000 	C:\Windows\SYSTEM32\USERENV.dll
0x00007ffcc14e0000 - 0x00007ffcc158a000 	C:\Windows\system32\ADVAPI32.dll
0x00007ffcb6450000 - 0x00007ffcb646e000 	C:\Windows\SYSTEM32\MPR.dll
0x00007ffcc1d70000 - 0x00007ffcc1eb1000 	C:\Windows\system32\RPCRT4.dll
0x00007ffcc1bc0000 - 0x00007ffcc1c19000 	C:\Windows\SYSTEM32\sechost.dll
0x00007ffcc1930000 - 0x00007ffcc1b41000 	C:\Windows\SYSTEM32\combase.dll
0x00007ffcc1650000 - 0x00007ffcc17a1000 	C:\Windows\system32\GDI32.dll
0x00007ffcc0d70000 - 0x00007ffcc0d85000 	C:\Windows\SYSTEM32\profapi.dll
0x00007ffcbf090000 - 0x00007ffcbf142000 	C:\Windows\SYSTEM32\SHCORE.dll
0x00007ffcc2240000 - 0x00007ffcc2276000 	C:\Windows\system32\IMM32.DLL
0x00007ffcc12a0000 - 0x00007ffcc13f2000 	C:\Windows\system32\MSCTF.dll
0x00007ffcbe100000 - 0x00007ffcbe37a000 	C:\Windows\WinSxS\amd64_microsoft.windows.common-controls_6595b64144ccf1df_6.0.9600.17810_none_6240b9c7ecbd0bda\COMCTL32.dll
0x0000000063a30000 - 0x0000000063b02000 	C:\Program Files\Java\jdk1.7.0_79\jre\bin\msvcr100.dll
0x0000000063fa0000 - 0x0000000064775000 	C:\Program Files\Java\jdk1.7.0_79\jre\bin\server\jvm.dll
0x00007ffcb9010000 - 0x00007ffcb9019000 	C:\Windows\SYSTEM32\WSOCK32.dll
0x00007ffcb6280000 - 0x00007ffcb62a2000 	C:\Windows\SYSTEM32\WINMM.dll
0x00007ffcc1590000 - 0x00007ffcc1597000 	C:\Windows\system32\PSAPI.DLL
0x00007ffcc3bc0000 - 0x00007ffcc3c1a000 	C:\Windows\system32\WS2_32.dll
0x00007ffcb6250000 - 0x00007ffcb627a000 	C:\Windows\SYSTEM32\WINMMBASE.dll
0x00007ffcc1b50000 - 0x00007ffcc1b59000 	C:\Windows\system32\NSI.dll
0x00007ffcc11a0000 - 0x00007ffcc11ef000 	C:\Windows\SYSTEM32\cfgmgr32.dll
0x00007ffcbfb80000 - 0x00007ffcbfba8000 	C:\Windows\SYSTEM32\DEVOBJ.dll
0x0000000063eb0000 - 0x0000000063ebf000 	C:\Program Files\Java\jdk1.7.0_79\jre\bin\verify.dll
0x0000000063e80000 - 0x0000000063ea8000 	C:\Program Files\Java\jdk1.7.0_79\jre\bin\java.dll
0x0000000063e60000 - 0x0000000063e75000 	C:\Program Files\Java\jdk1.7.0_79\jre\bin\zip.dll
0x0000000063e40000 - 0x0000000063e5a000 	C:\Program Files\Java\jdk1.7.0_79\jre\bin\net.dll
0x00007ffcc0620000 - 0x00007ffcc0679000 	C:\Windows\system32\mswsock.dll
0x0000000063e20000 - 0x0000000063e31000 	C:\Program Files\Java\jdk1.7.0_79\jre\bin\nio.dll
0x00007ffcc06b0000 - 0x00007ffcc06d0000 	C:\Windows\SYSTEM32\CRYPTSP.dll
0x00007ffcc0210000 - 0x00007ffcc0246000 	C:\Windows\system32\rsaenh.dll
0x00007ffcc0900000 - 0x00007ffcc0926000 	C:\Windows\SYSTEM32\bcrypt.dll
0x00007ffcc0c40000 - 0x00007ffcc0ca3000 	C:\Windows\system32\bcryptprimitives.dll
0x00007ffcc0cb0000 - 0x00007ffcc0cbb000 	C:\Windows\SYSTEM32\CRYPTBASE.dll
0x00007ffcbcdf0000 - 0x00007ffcbce1a000 	C:\Windows\SYSTEM32\IPHLPAPI.DLL
0x00007ffcbdee0000 - 0x00007ffcbdeea000 	C:\Windows\SYSTEM32\WINNSI.DLL
0x00007ffcbc1d0000 - 0x00007ffcbc1e6000 	C:\Windows\SYSTEM32\dhcpcsvc6.DLL
0x00007ffcbc3d0000 - 0x00007ffcbc3ea000 	C:\Windows\SYSTEM32\dhcpcsvc.DLL
0x00007ffcacfa0000 - 0x00007ffcacfb2000 	C:\Users\Mono\AppData\Local\Temp\native-platform4053099532164448368dir\native-platform.dll
0x0000000063b50000 - 0x0000000063b74000 	C:\Program Files\Java\jdk1.7.0_79\jre\bin\sunec.dll
0x0000000063b40000 - 0x0000000063b4b000 	C:\Program Files\Java\jdk1.7.0_79\jre\bin\sunmscapi.dll
0x00007ffcc0e40000 - 0x00007ffcc101f000 	C:\Windows\system32\CRYPT32.dll
0x00007ffcc0e20000 - 0x00007ffcc0e31000 	C:\Windows\system32\MSASN1.dll
0x00007ffcc0500000 - 0x00007ffcc05a4000 	C:\Windows\SYSTEM32\DNSAPI.dll
0x00007ffcb9b00000 - 0x00007ffcb9b0a000 	C:\Windows\System32\rasadhlp.dll
0x00007ffcbc2a0000 - 0x00007ffcbc30b000 	C:\Windows\System32\fwpuclnt.dll
0x00007ffcb87a0000 - 0x00007ffcb87b5000 	C:\Windows\system32\napinsp.dll
0x00007ffcb87e0000 - 0x00007ffcb87fa000 	C:\Windows\system32\pnrpnsp.dll
0x00007ffcbeda0000 - 0x00007ffcbedbb000 	C:\Windows\system32\NLAapi.dll
0x00007ffcb8ac0000 - 0x00007ffcb8acd000 	C:\Windows\System32\winrnr.dll
0x00007ffcb8ad0000 - 0x00007ffcb8ae4000 	C:\Windows\system32\wshbth.dll
0x00007ffca8d00000 - 0x00007ffca8e89000 	C:\Windows\SYSTEM32\dbghelp.dll

VM Arguments:
jvm_args: -XX:MaxPermSize=256m -XX:+HeapDumpOnOutOfMemoryError -Xmx1024m -Dfile.encoding=windows-31j -Duser.country=JP -Duser.language=ja -Duser.variant 
java_command: org.gradle.launcher.daemon.bootstrap.GradleDaemon 2.2.1 C:\Users\Mono\.gradle\daemon 10800000 7ca61f64-e646-4562-a293-8ae72d33ca19 -XX:MaxPermSize=256m -XX:+HeapDumpOnOutOfMemoryError -Xmx1024m -Dfile.encoding=windows-31j -Duser.country=JP -Duser.language=ja -Duser.variant
Launcher Type: SUN_STANDARD

Environment Variables:
PATH=C:\Windows\system32;C:\Windows;C:\Windows\System32\Wbem;C:\Windows\System32\WindowsPowerShell\v1.0\;C:\Program Files (x86)\ATI Technologies\ATI.ACE\Core-Static;C:\Program Files\nodejs\;C:\Program Files (x86)\WinSCP\;C:\Program Files\TortoiseGit\bin;C:\Program Files (x86)\Git\cmd;C:\Users\Mono\AppData\Roaming\npm
USERNAME=Mono
OS=Windows_NT
PROCESSOR_IDENTIFIER=Intel64 Family 6 Model 42 Stepping 7, GenuineIntel



---------------  S Y S T E M  ---------------

OS: Windows 8.1 , 64 bit Build 9600 

CPU:total 4 (2 cores per cpu, 2 threads per core) family 6 model 42 stepping 7, cmov, cx8, fxsr, mmx, sse, sse2, sse3, ssse3, sse4.1, sse4.2, popcnt, avx, aes, ht, tsc, tscinvbit

Memory: 4k page, physical 16752364k(9822780k free), swap 16752364k(7437652k free)

vm_info: Java HotSpot(TM) 64-Bit Server VM (24.79-b02) for windows-amd64 JRE (1.7.0_79-b15), built on Apr 10 2015 12:36:16 by "java_re" with unknown MS VC++:1600

time: Sun Jun 28 18:42:31 2015
elapsed time: 3111 seconds

